mode: set
Unary/Server.go:19.106,23.2 3 0
Unary/Server.go:25.26,27.20 2 0
Unary/Server.go:27.20,28.17 1 0
Unary/Server.go:28.17,30.18 2 0
Unary/Server.go:30.18,32.5 1 0
Unary/Server.go:37.28,38.13 1 0
Unary/Server.go:38.13,40.3 1 0
Unary/Server.go:41.2,41.30 1 0
Unary/Server.go:41.30,42.17 1 0
Unary/Server.go:42.17,44.4 1 0
Unary/Server.go:46.2,46.13 1 0
Unary/Server.go:49.13,52.16 2 0
Unary/Server.go:52.16,54.3 1 0
Unary/Server.go:56.2,61.16 5 0
Unary/Server.go:61.16,63.3 1 0
Unary/Server.go:65.2,69.51 4 0
Unary/Server.go:69.51,71.3 1 0
Unary/ServerTest.go:10.36,24.30 3 0
Unary/ServerTest.go:24.30,25.43 1 0
Unary/ServerTest.go:25.43,28.27 3 0
Unary/ServerTest.go:28.27,30.14 1 0
Unary/ServerTest.go:31.13,31.44 1 0
Unary/ServerTest.go:31.44,33.14 1 0
